<?xml version="1.0" encoding="UTF-8"?>
<testng-results ignored="0" total="1" passed="1" failed="0" skipped="0">
  <reporter-output>
  </reporter-output>
  <suite started-at="2026-02-04T06:09:34 UTC" name="Default suite" finished-at="2026-02-04T06:09:35 UTC" duration-ms="1548">
    <groups>
    </groups>
    <test started-at="2026-02-04T06:09:34 UTC" name="Default test" finished-at="2026-02-04T06:09:35 UTC" duration-ms="1548">
      <class name="RestAPiPcg.BearerToken2">
        <test-method signature="test()[pri:0, instance:RestAPiPcg.BearerToken2@4be29ed9]" started-at="2026-02-04T06:09:34 UTC" name="test" finished-at="2026-02-04T06:09:35 UTC" duration-ms="1518" status="PASS">
          <reporter-output>
          </reporter-output>
        </test-method> <!-- test -->
      </class> <!-- RestAPiPcg.BearerToken2 -->
    </test> <!-- Default test -->
  </suite> <!-- Default suite -->
</testng-results>
