<?xml version="1.0" encoding="UTF-8"?>
<testng-results ignored="0" total="1" passed="1" failed="0" skipped="0">
  <reporter-output>
  </reporter-output>
  <suite started-at="2026-02-04T04:30:40 UTC" name="Default suite" finished-at="2026-02-04T04:30:42 UTC" duration-ms="2007">
    <groups>
    </groups>
    <test started-at="2026-02-04T04:30:40 UTC" name="Default test" finished-at="2026-02-04T04:30:42 UTC" duration-ms="2007">
      <class name="RestAPiPcg.BearerToken">
        <test-method signature="two()[pri:0, instance:RestAPiPcg.BearerToken@55182842]" started-at="2026-02-04T04:30:40 UTC" name="two" finished-at="2026-02-04T04:30:42 UTC" duration-ms="1972" status="PASS">
          <reporter-output>
          </reporter-output>
        </test-method> <!-- two -->
      </class> <!-- RestAPiPcg.BearerToken -->
    </test> <!-- Default test -->
  </suite> <!-- Default suite -->
</testng-results>
