<?xml version="1.0" encoding="UTF-8"?>
<!-- Generated by org.testng.reporters.JUnitReportReporter -->
<testsuite hostname="ip-172-31-40-171" failures="0" tests="3" name="RestAPiPcg.basicAuthex" time="3.211" errors="0" timestamp="2026-02-04T04:09:34 UTC" skipped="0">
  <testcase classname="RestAPiPcg.basicAuthex" name="basicAuth1" time="0.698"/>
  <testcase classname="RestAPiPcg.basicAuthex" name="baiscauth2" time="1.995"/>
  <testcase classname="RestAPiPcg.basicAuthex" name="baiscauth3" time="0.518"/>
</testsuite> <!-- RestAPiPcg.basicAuthex -->
