<?xml version="1.0" encoding="UTF-8"?>
<testng-results ignored="0" total="1" passed="1" failed="0" skipped="0">
  <reporter-output>
  </reporter-output>
  <suite started-at="2026-01-29T10:25:55 UTC" name="Default suite" finished-at="2026-01-29T10:25:58 UTC" duration-ms="2646">
    <groups>
    </groups>
    <test started-at="2026-01-29T10:25:55 UTC" name="Default test" finished-at="2026-01-29T10:25:58 UTC" duration-ms="2646">
      <class name="extentReport.ExtentReportex">
        <test-method is-config="true" signature="starttest()[pri:0, instance:extentReport.ExtentReportex@59309333]" started-at="2026-01-29T10:25:55 UTC" name="starttest" finished-at="2026-01-29T10:25:55 UTC" duration-ms="86" status="PASS">
          <reporter-output>
          </reporter-output>
        </test-method> <!-- starttest -->
        <test-method signature="extenttest()[pri:0, instance:extentReport.ExtentReportex@59309333]" started-at="2026-01-29T10:25:55 UTC" name="extenttest" finished-at="2026-01-29T10:25:58 UTC" duration-ms="2328" status="PASS">
          <reporter-output>
          </reporter-output>
        </test-method> <!-- extenttest -->
        <test-method is-config="true" signature="teardown()[pri:0, instance:extentReport.ExtentReportex@59309333]" started-at="2026-01-29T10:25:58 UTC" name="teardown" finished-at="2026-01-29T10:25:58 UTC" duration-ms="208" status="PASS">
          <reporter-output>
          </reporter-output>
        </test-method> <!-- teardown -->
      </class> <!-- extentReport.ExtentReportex -->
    </test> <!-- Default test -->
  </suite> <!-- Default suite -->
</testng-results>
